#
# A fatal error has been detected by the Java Runtime Environment:
#
#  EXCEPTION_ACCESS_VIOLATION (0xc0000005) at pc=0x000000006d0de504, pid=11656, tid=0x0000000000000abc
#
# JRE version: OpenJDK Runtime Environment (8.0_232-b09) (build 1.8.0_232-b09)
# Java VM: OpenJDK 64-Bit Server VM (25.232-b09 mixed mode windows-amd64 compressed oops)
# Problematic frame:
# V  [jvm.dll+0x37e504]
#
# Failed to write core dump. Minidumps are not enabled by default on client versions of Windows
#
# If you would like to submit a bug report, please visit:
#   
#

---------------  T H R E A D  ---------------

Current thread (0x000001ab1d3d9000):  GCTaskThread [stack: 0x0000003982e00000,0x0000003982f00000] [id=2748]

siginfo: ExceptionCode=0xc0000005, reading address 0x0000000000000108

Registers:
RAX=0x0000000000000000, RBX=0x000000000000dc7e, RCX=0x00000001000005f8, RDX=0x000001ab30f52340
RSP=0x0000003982effbd0, RBP=0x0000003982effc38, RSI=0x000001ab30f52340, RDI=0x00000000cccd94d8
R8 =0x00000000cd6ab608, R9 =0x00000001000005f8, R10=0x00000000000001ea, R11=0x00000000cd68b210
R12=0x0000000000000000, R13=0x000001ab30f523c0, R14=0x000000006d32ff38, R15=0x0000000000000600
RIP=0x000000006d0de504, EFLAGS=0x0000000000010202

Top of Stack: (sp=0x0000003982effbd0)
0x0000003982effbd0:   000001ab31e14430 0000003982effc38
0x0000003982effbe0:   00000000cd6ab5f0 00000000cccd94d8
0x0000003982effbf0:   00007abb0000db60 00007abc0000db60
0x0000003982effc00:   00000000cccda4e4 00000000cccd94d8
0x0000003982effc10:   0000000000000600 000000006ce6da08
0x0000003982effc20:   000001ab30f54300 00000994000001e6
0x0000003982effc30:   00000c640000018d 000001ab1d3d0a80
0x0000003982effc40:   000000006d32ff38 000001ab1d3d9720
0x0000003982effc50:   000001ab1d3d9710 0000000000000003
0x0000003982effc60:   000001ab35955470 000001ab30f52340
0x0000003982effc70:   0000000000000000 000000006d0dbe70
0x0000003982effc80:   00000000cd6ab608 00007abb0000db60
0x0000003982effc90:   00007abc0000db60 000007bb000001ea
0x0000003982effca0:   00000000cccd94d8 0000000000000200
0x0000003982effcb0:   000001ab35955470 000000006d0d988e
0x0000003982effcc0:   000001ab051f6a0a 000001ab1d3d9000 

Instructions: (pc=0x000000006d0de504)
0x000000006d0de4e4:   48 74 28 8b 0d 2b a1 39 00 45 8b 48 08 48 8b d6
0x000000006d0de4f4:   49 d3 e1 4c 03 0d 12 a1 39 00 49 8b c9 49 8b 01
0x000000006d0de504:   ff 90 08 01 00 00 e9 41 ff ff ff 4d 8b 48 08 48
0x000000006d0de514:   8b d6 49 8b 01 49 8b c9 ff 90 08 01 00 00 e9 29 


Register to memory mapping:

RAX=0x0000000000000000 is an unknown value
RBX=0x000000000000dc7e is an unknown value
RCX=0x00000001000005f8 is pointing into metadata
RDX=0x000001ab30f52340 is an unknown value
RSP=0x0000003982effbd0 is an unknown value
RBP=0x0000003982effc38 is an unknown value
RSI=0x000001ab30f52340 is an unknown value
RDI=0x00000000cccd94d8 is an oop
[Lcom.sun.tools.javac.file.ZipFileIndex$Entry; 
 - klass: 'com/sun/tools/javac/file/ZipFileIndex$Entry'[]
 - length: 13889
R8 =0x00000000cd6ab608 is an oop

[error occurred during error reporting (printing register info), id 0xc0000005]

Stack: [0x0000003982e00000,0x0000003982f00000],  sp=0x0000003982effbd0,  free space=1022k
Native frames: (J=compiled Java code, j=interpreted, Vv=VM code, C=native code)
V  [jvm.dll+0x37e504]
V  [jvm.dll+0x37be70]
V  [jvm.dll+0x37988e]
V  [jvm.dll+0x24feba]
C  [msvcr120.dll+0x24f7f]
C  [msvcr120.dll+0x25126]
C  [KERNEL32.DLL+0x16fd4]
C  [ntdll.dll+0x4cec1]


---------------  P R O C E S S  ---------------

Java Threads: ( => current thread )
  0x000001ab338c9000 JavaThread "Keep-Alive-Timer" daemon [_thread_blocked, id=892, stack(0x0000003988700000,0x0000003988800000)]
  0x000001ab3575f000 JavaThread "Cache worker for Build Output Cleanup Cache (C:\Users\carol\git\queerbrics\.gradle\buildOutputCleanup)" [_thread_blocked, id=21024, stack(0x0000003988600000,0x0000003988700000)]
  0x000001ab3575e000 JavaThread "jar transforms Thread 516" [_thread_blocked, id=2180, stack(0x0000003988500000,0x0000003988600000)]
  0x000001ab3575d800 JavaThread "jar transforms Thread 515" [_thread_blocked, id=1844, stack(0x0000003988400000,0x0000003988500000)]
  0x000001ab3575c800 JavaThread "jar transforms Thread 514" [_thread_blocked, id=21172, stack(0x0000003988300000,0x0000003988400000)]
  0x000001ab3575c000 JavaThread "jar transforms Thread 513" [_thread_blocked, id=3876, stack(0x0000003988200000,0x0000003988300000)]
  0x000001ab3575a800 JavaThread "jar transforms Thread 512" [_thread_blocked, id=20248, stack(0x0000003988100000,0x0000003988200000)]
  0x000001ab35759800 JavaThread "jar transforms Thread 511" [_thread_blocked, id=1820, stack(0x0000003988000000,0x0000003988100000)]
  0x000001ab3575b000 JavaThread "jar transforms Thread 510" [_thread_blocked, id=5016, stack(0x0000003987f00000,0x0000003988000000)]
  0x000001ab35758000 JavaThread "jar transforms Thread 509" [_thread_blocked, id=20160, stack(0x0000003987e00000,0x0000003987f00000)]
  0x000001ab35750800 JavaThread "jar transforms Thread 508" [_thread_blocked, id=6168, stack(0x0000003987d00000,0x0000003987e00000)]
  0x000001ab35755000 JavaThread "jar transforms Thread 507" [_thread_blocked, id=11048, stack(0x0000003987c00000,0x0000003987d00000)]
  0x000001ab35752000 JavaThread "jar transforms Thread 506" [_thread_blocked, id=18472, stack(0x0000003987b00000,0x0000003987c00000)]
  0x000001ab35757800 JavaThread "jar transforms Thread 505" [_thread_blocked, id=19724, stack(0x0000003987a00000,0x0000003987b00000)]
  0x000001ab35756800 JavaThread "jar transforms Thread 504" [_thread_blocked, id=21500, stack(0x0000003987900000,0x0000003987a00000)]
  0x000001ab35756000 JavaThread "jar transforms Thread 503" [_thread_blocked, id=9400, stack(0x0000003987800000,0x0000003987900000)]
  0x000001ab35754800 JavaThread "jar transforms Thread 502" [_thread_blocked, id=22136, stack(0x0000003987700000,0x0000003987800000)]
  0x000001ab35753800 JavaThread "jar transforms Thread 501" [_thread_blocked, id=4444, stack(0x0000003987600000,0x0000003987700000)]
  0x000001ab35753000 JavaThread "jar transforms Thread 500" [_thread_blocked, id=5364, stack(0x0000003987500000,0x0000003987600000)]
  0x000001ab3405c000 JavaThread "jar transforms Thread 499" [_thread_blocked, id=13588, stack(0x0000003987400000,0x0000003987500000)]
  0x000001ab3405b000 JavaThread "jar transforms Thread 498" [_thread_blocked, id=9100, stack(0x0000003987300000,0x0000003987400000)]
  0x000001ab3405a800 JavaThread "jar transforms Thread 497" [_thread_blocked, id=21140, stack(0x0000003987200000,0x0000003987300000)]
  0x000001ab34059800 JavaThread "jar transforms Thread 496" [_thread_blocked, id=2704, stack(0x0000003987100000,0x0000003987200000)]
  0x000001ab34059000 JavaThread "jar transforms Thread 495" [_thread_blocked, id=24544, stack(0x0000003987000000,0x0000003987100000)]
  0x000001ab34058000 JavaThread "jar transforms Thread 494" [_thread_blocked, id=16812, stack(0x0000003986f00000,0x0000003987000000)]
  0x000001ab34052000 JavaThread "jar transforms Thread 493" [_thread_blocked, id=22824, stack(0x0000003986e00000,0x0000003986f00000)]
  0x000001ab34056800 JavaThread "jar transforms Thread 492" [_thread_blocked, id=18616, stack(0x0000003986d00000,0x0000003986e00000)]
  0x000001ab34055000 JavaThread "jar transforms Thread 491" [_thread_blocked, id=13976, stack(0x0000003986c00000,0x0000003986d00000)]
  0x000001ab34056000 JavaThread "jar transforms Thread 490" [_thread_blocked, id=3792, stack(0x0000003986b00000,0x0000003986c00000)]
  0x000001ab34050800 JavaThread "jar transforms Thread 489" [_thread_blocked, id=9088, stack(0x0000003986a00000,0x0000003986b00000)]
  0x000001ab34057800 JavaThread "jar transforms Thread 488" [_thread_blocked, id=21632, stack(0x0000003986900000,0x0000003986a00000)]
  0x000001ab3404d800 JavaThread "jar transforms Thread 487" [_thread_blocked, id=9572, stack(0x0000003986800000,0x0000003986900000)]
  0x000001ab34051800 JavaThread "jar transforms Thread 486" [_thread_blocked, id=552, stack(0x0000003986700000,0x0000003986800000)]
  0x000001ab3404d000 JavaThread "jar transforms Thread 485" [_thread_blocked, id=2104, stack(0x0000003986600000,0x0000003986700000)]
  0x000001ab34053000 JavaThread "jar transforms Thread 484" [_thread_blocked, id=3132, stack(0x0000003986500000,0x0000003986600000)]
  0x000001ab34053800 JavaThread "jar transforms Thread 483" [_thread_blocked, id=24564, stack(0x0000003986400000,0x0000003986500000)]
  0x000001ab34050000 JavaThread "jar transforms Thread 482" [_thread_blocked, id=7688, stack(0x0000003986300000,0x0000003986400000)]
  0x000001ab3404e800 JavaThread "jar transforms Thread 481" [_thread_blocked, id=10456, stack(0x0000003986200000,0x0000003986300000)]
  0x000001ab37b21800 JavaThread "jar transforms Thread 480" [_thread_blocked, id=24436, stack(0x0000003986100000,0x0000003986200000)]
  0x000001ab37b23000 JavaThread "jar transforms Thread 479" [_thread_blocked, id=23332, stack(0x0000003985e00000,0x0000003985f00000)]
  0x000001ab37b21000 JavaThread "jar transforms Thread 478" [_thread_blocked, id=21344, stack(0x0000003985d00000,0x0000003985e00000)]
  0x000001ab37b25800 JavaThread "jar transforms Thread 477" [_thread_blocked, id=23504, stack(0x0000003985c00000,0x0000003985d00000)]
  0x000001ab37b24000 JavaThread "jar transforms Thread 476" [_thread_blocked, id=15744, stack(0x0000003985b00000,0x0000003985c00000)]
  0x000001ab37b24800 JavaThread "jar transforms Thread 475" [_thread_blocked, id=19540, stack(0x0000003985a00000,0x0000003985b00000)]
  0x000001ab37b1f800 JavaThread "jar transforms Thread 474" [_thread_blocked, id=21744, stack(0x0000003985900000,0x0000003985a00000)]
  0x000001ab37b1e000 JavaThread "Build operations Thread 8" [_thread_blocked, id=10048, stack(0x0000003985800000,0x0000003985900000)]
  0x000001ab37b1e800 JavaThread "Build operations Thread 7" [_thread_blocked, id=23260, stack(0x0000003985700000,0x0000003985800000)]
  0x000001ab37b22800 JavaThread "Build operations Thread 6" [_thread_blocked, id=3548, stack(0x0000003985600000,0x0000003985700000)]
  0x000001ab37b20000 JavaThread "Build operations Thread 5" [_thread_blocked, id=5612, stack(0x0000003985500000,0x0000003985600000)]
  0x000001ab37b16800 JavaThread "Build operations Thread 4" [_thread_blocked, id=13792, stack(0x0000003985400000,0x0000003985500000)]
  0x000001ab37b1d000 JavaThread "Build operations Thread 3" [_thread_blocked, id=20864, stack(0x0000003985300000,0x0000003985400000)]
  0x000001ab37b19800 JavaThread "Build operations Thread 2" [_thread_blocked, id=5384, stack(0x0000003985200000,0x0000003985300000)]
  0x000001ab37b18000 JavaThread "Build operations" [_thread_blocked, id=17108, stack(0x0000003985100000,0x0000003985200000)]
  0x000001ab37b1b800 JavaThread "Cache worker for cache directory md-rule (C:\Users\carol\.gradle\caches\6.5\md-rule)" [_thread_blocked, id=10116, stack(0x0000003985000000,0x0000003985100000)]
  0x000001ab37b1b000 JavaThread "Cache worker for cache directory md-supplier (C:\Users\carol\.gradle\caches\6.5\md-supplier)" [_thread_blocked, id=21572, stack(0x0000003984f00000,0x0000003985000000)]
  0x000001ab37b1c800 JavaThread "Cache worker for checksums cache (C:\Users\carol\git\queerbrics\.gradle\checksums)" [_thread_blocked, id=7288, stack(0x0000003984e00000,0x0000003984f00000)]
  0x000001ab37b17000 JavaThread "Cache worker for file hash cache (C:\Users\carol\git\queerbrics\.gradle\6.5\fileHashes)" [_thread_blocked, id=20372, stack(0x0000003984d00000,0x0000003984e00000)]
  0x000001ab3343f000 JavaThread "Thread-1002" [_thread_blocked, id=1196, stack(0x0000003984900000,0x0000003984a00000)]
  0x000001ab33433800 JavaThread "Stdin handler" [_thread_blocked, id=8020, stack(0x0000003984800000,0x0000003984900000)]
  0x000001ab33436000 JavaThread "Asynchronous log dispatcher for DefaultDaemonConnection: socket connection from /127.0.0.1:52199 to /127.0.0.1:52870" [_thread_blocked, id=980, stack(0x0000003984700000,0x0000003984800000)]
  0x000001ab33433000 JavaThread "Daemon worker Thread 12" [_thread_blocked, id=15572, stack(0x0000003984600000,0x0000003984700000)]
  0x000001ab33439000 JavaThread "Cancel handler" [_thread_blocked, id=5504, stack(0x0000003984500000,0x0000003984600000)]
  0x000001ab33438000 JavaThread "Handler for socket connection from /127.0.0.1:52199 to /127.0.0.1:52870" [_thread_in_native, id=18892, stack(0x0000003984400000,0x0000003984500000)]
  0x000001ab33439800 JavaThread "Daemon Thread 12" [_thread_blocked, id=22460, stack(0x0000003984300000,0x0000003984400000)]
  0x000001ab31080800 JavaThread "Cache worker for Java compile cache (C:\Users\carol\.gradle\caches\6.5\javaCompile)" [_thread_blocked, id=15336, stack(0x0000003989300000,0x0000003989400000)]
  0x000001ab33435000 JavaThread "Memory manager" [_thread_blocked, id=6148, stack(0x0000003988900000,0x0000003988a00000)]
  0x000001ab3575f800 JavaThread "Thread-71" daemon [_thread_in_native, id=3944, stack(0x0000003988800000,0x0000003988900000)]
  0x000001ab3343b000 JavaThread "Cache worker for file content cache (C:\Users\carol\.gradle\caches\6.5\fileContent)" [_thread_blocked, id=11236, stack(0x0000003986000000,0x0000003986100000)]
  0x000001ab3343d800 JavaThread "Cache worker for execution history cache (C:\Users\carol\.gradle\caches\6.5\executionHistory)" [_thread_blocked, id=19448, stack(0x0000003985f00000,0x0000003986000000)]
  0x000001ab31083000 JavaThread "Cache worker for file hash cache (C:\Users\carol\.gradle\caches\6.5\fileHashes)" [_thread_blocked, id=11576, stack(0x0000003984c00000,0x0000003984d00000)]
  0x000001ab31082000 JavaThread "File lock request listener" [_thread_in_native, id=16144, stack(0x0000003984b00000,0x0000003984c00000)]
  0x000001ab35099000 JavaThread "Cache worker for journal cache (C:\Users\carol\.gradle\caches\journal-1)" [_thread_blocked, id=6044, stack(0x0000003984a00000,0x0000003984b00000)]
  0x000001ab34f40000 JavaThread "Daemon periodic checks" [_thread_blocked, id=20972, stack(0x0000003984200000,0x0000003984300000)]
  0x000001ab34f2f800 JavaThread "Incoming local TCP Connector on port 52199" [_thread_in_native, id=7492, stack(0x0000003984100000,0x0000003984200000)]
  0x000001ab34ecd800 JavaThread "Daemon health stats" [_thread_blocked, id=10572, stack(0x0000003983e00000,0x0000003983f00000)]
  0x000001ab310cf800 JavaThread "Service Thread" daemon [_thread_blocked, id=17720, stack(0x0000003983c00000,0x0000003983d00000)]
  0x000001ab3107d800 JavaThread "C1 CompilerThread3" daemon [_thread_blocked, id=7488, stack(0x0000003983b00000,0x0000003983c00000)]
  0x000001ab31084800 JavaThread "C2 CompilerThread2" daemon [_thread_blocked, id=8216, stack(0x0000003983a00000,0x0000003983b00000)]
  0x000001ab3106f800 JavaThread "C2 CompilerThread1" daemon [_thread_blocked, id=18152, stack(0x0000003983900000,0x0000003983a00000)]
  0x000001ab3106a000 JavaThread "C2 CompilerThread0" daemon [_thread_blocked, id=12096, stack(0x0000003983800000,0x0000003983900000)]
  0x000001ab31068000 JavaThread "Attach Listener" daemon [_thread_blocked, id=6844, stack(0x0000003983700000,0x0000003983800000)]
  0x000001ab31067000 JavaThread "Signal Dispatcher" daemon [_thread_blocked, id=12596, stack(0x0000003983600000,0x0000003983700000)]
  0x000001ab31047800 JavaThread "Finalizer" daemon [_thread_blocked, id=23636, stack(0x0000003983500000,0x0000003983600000)]
  0x000001ab3103f800 JavaThread "Reference Handler" daemon [_thread_blocked, id=3236, stack(0x0000003983400000,0x0000003983500000)]
  0x000001ab1d3bd000 JavaThread "main" [_thread_blocked, id=5688, stack(0x0000003982a00000,0x0000003982b00000)]

Other Threads:
  0x000001ab31016000 VMThread [stack: 0x0000003983300000,0x0000003983400000] [id=22084]
  0x000001ab310d0800 WatcherThread [stack: 0x0000003983d00000,0x0000003983e00000] [id=23456]

=>0x000001ab1d3d9000 (exited) GCTaskThread [stack: 0x0000003982e00000,0x0000003982f00000] [id=2748]

VM state:at safepoint (normal execution)

VM Mutex/Monitor currently owned by a thread:  ([mutex/lock_event])
[0x000001ab1d3ba180] Threads_lock - owner thread: 0x000001ab31016000
[0x000001ab1d3ba890] Heap_lock - owner thread: 0x000001ab33433000

heap address: 0x00000000c0000000, size: 1024 MB, Compressed Oops mode: 32-bit
Narrow klass base: 0x0000000000000000, Narrow klass shift: 3
Compressed class space size: 1073741824 Address: 0x0000000100000000

Heap:
 PSYoungGen      total 257024K, used 50294K [0x00000000eab00000, 0x00000000ffc00000, 0x0000000100000000)
  eden space 170496K, 0% used [0x00000000eab00000,0x00000000eab00000,0x00000000f5180000)
  from space 86528K, 58% used [0x00000000fa680000,0x00000000fd79d8a8,0x00000000ffb00000)
  to   space 87040K, 0% used [0x00000000f5180000,0x00000000f5180000,0x00000000fa680000)
 ParOldGen       total 332288K, used 292101K [0x00000000c0000000, 0x00000000d4480000, 0x00000000eab00000)
  object space 332288K, 87% used [0x00000000c0000000,0x00000000d1d417d8,0x00000000d4480000)
 Metaspace       used 106014K, capacity 111336K, committed 111488K, reserved 1146880K
  class space    used 13823K, capacity 14652K, committed 14720K, reserved 1048576K

Card table byte_map: [0x000001ab2e050000,0x000001ab2e260000] byte_map_base: 0x000001ab2da50000

Marking Bits: (ParMarkBitMap*) 0x000000006d4e5f70
 Begin Bits: [0x000001ab2e3c0000, 0x000001ab2f3c0000)
 End Bits:   [0x000001ab2f3c0000, 0x000001ab303c0000)

Polling page: 0x000001ab1ec60000

CodeCache: size=245760Kb used=50393Kb max_used=50411Kb free=195366Kb
 bounds [0x000001ab1ec90000, 0x000001ab21e30000, 0x000001ab2dc90000]
 total_blobs=15440 nmethods=14563 adapters=788
 compilation: enabled

Compilation events (10 events):
Event: 3527.307 Thread 0x000001ab31084800 nmethod 18440 0x000001ab21d98210 code [0x000001ab21d98340, 0x000001ab21d98418]
Event: 3527.317 Thread 0x000001ab3106a000 18441       4       org.gradle.api.internal.artifacts.ivyservice.modulecache.artifacts.InMemoryModuleArtifactCache::lookup (54 bytes)
Event: 3527.317 Thread 0x000001ab31084800 18442       4       java.lang.ref.ReferenceQueue$Lock::<init> (5 bytes)
Event: 3527.318 Thread 0x000001ab31084800 nmethod 18442 0x000001ab1efb5e10 code [0x000001ab1efb5f40, 0x000001ab1efb5f98]
Event: 3527.337 Thread 0x000001ab31084800 18443       4       org.gradle.api.internal.artifacts.ivyservice.ivyresolve.ErrorHandlingModuleComponentRepository$ErrorHandlingModuleComponentRepositoryAccess::<init> (10 bytes)
Event: 3527.354 Thread 0x000001ab31084800 nmethod 18443 0x000001ab20574750 code [0x000001ab20574920, 0x000001ab20575a98]
Event: 3527.354 Thread 0x000001ab31084800 18444       4       org.gradle.api.internal.artifacts.ivyservice.ivyresolve.ErrorHandlingModuleComponentRepository::getId (10 bytes)
Event: 3527.356 Thread 0x000001ab31084800 nmethod 18444 0x000001ab20573f90 code [0x000001ab20574140, 0x000001ab20574340]
Event: 3527.357 Thread 0x000001ab3106a000 nmethod 18441 0x000001ab21e26ad0 code [0x000001ab21e26e60, 0x000001ab21e29128]
Event: 3527.375 Thread 0x000001ab3107d800 18445       3       com.google.gson.JsonObject::has (9 bytes)

GC Heap History (10 events):
Event: 3273.444 GC heap after
Heap after GC invocations=61 (full 20):
 PSYoungGen      total 256000K, used 3381K [0x00000000eab00000, 0x00000000ffd00000, 0x0000000100000000)
  eden space 166912K, 0% used [0x00000000eab00000,0x00000000eab00000,0x00000000f4e00000)
  from space 89088K, 3% used [0x00000000f4e00000,0x00000000f514d468,0x00000000fa500000)
  to   space 89088K, 0% used [0x00000000fa600000,0x00000000fa600000,0x00000000ffd00000)
 ParOldGen       total 332288K, used 298441K [0x00000000c0000000, 0x00000000d4480000, 0x00000000eab00000)
  object space 332288K, 89% used [0x00000000c0000000,0x00000000d2372420,0x00000000d4480000)
 Metaspace       used 101238K, capacity 106388K, committed 106752K, reserved 1142784K
  class space    used 13192K, capacity 14010K, committed 14080K, reserved 1048576K
}
Event: 3273.444 GC heap before
{Heap before GC invocations=62 (full 21):
 PSYoungGen      total 256000K, used 3381K [0x00000000eab00000, 0x00000000ffd00000, 0x0000000100000000)
  eden space 166912K, 0% used [0x00000000eab00000,0x00000000eab00000,0x00000000f4e00000)
  from space 89088K, 3% used [0x00000000f4e00000,0x00000000f514d468,0x00000000fa500000)
  to   space 89088K, 0% used [0x00000000fa600000,0x00000000fa600000,0x00000000ffd00000)
 ParOldGen       total 332288K, used 298441K [0x00000000c0000000, 0x00000000d4480000, 0x00000000eab00000)
  object space 332288K, 89% used [0x00000000c0000000,0x00000000d2372420,0x00000000d4480000)
 Metaspace       used 101238K, capacity 106388K, committed 106752K, reserved 1142784K
  class space    used 13192K, capacity 14010K, committed 14080K, reserved 1048576K
Event: 3273.883 GC heap after
Heap after GC invocations=62 (full 21):
 PSYoungGen      total 256000K, used 0K [0x00000000eab00000, 0x00000000ffd00000, 0x0000000100000000)
  eden space 166912K, 0% used [0x00000000eab00000,0x00000000eab00000,0x00000000f4e00000)
  from space 89088K, 0% used [0x00000000f4e00000,0x00000000f4e00000,0x00000000fa500000)
  to   space 89088K, 0% used [0x00000000fa600000,0x00000000fa600000,0x00000000ffd00000)
 ParOldGen       total 332288K, used 292085K [0x00000000c0000000, 0x00000000d4480000, 0x00000000eab00000)
  object space 332288K, 87% used [0x00000000c0000000,0x00000000d1d3d7d8,0x00000000d4480000)
 Metaspace       used 101212K, capacity 106346K, committed 106752K, reserved 1142784K
  class space    used 13189K, capacity 14003K, committed 14080K, reserved 1048576K
}
Event: 3274.445 GC heap before
{Heap before GC invocations=63 (full 21):
 PSYoungGen      total 256000K, used 166912K [0x00000000eab00000, 0x00000000ffd00000, 0x0000000100000000)
  eden space 166912K, 100% used [0x00000000eab00000,0x00000000f4e00000,0x00000000f4e00000)
  from space 89088K, 0% used [0x00000000f4e00000,0x00000000f4e00000,0x00000000fa500000)
  to   space 89088K, 0% used [0x00000000fa600000,0x00000000fa600000,0x00000000ffd00000)
 ParOldGen       total 332288K, used 292085K [0x00000000c0000000, 0x00000000d4480000, 0x00000000eab00000)
  object space 332288K, 87% used [0x00000000c0000000,0x00000000d1d3d7d8,0x00000000d4480000)
 Metaspace       used 105238K, capacity 110556K, committed 110720K, reserved 1144832K
  class space    used 13746K, capacity 14586K, committed 14720K, reserved 1048576K
Event: 3274.467 GC heap after
Heap after GC invocations=63 (full 21):
 PSYoungGen      total 257024K, used 47514K [0x00000000eab00000, 0x0000000100000000, 0x0000000100000000)
  eden space 167936K, 0% used [0x00000000eab00000,0x00000000eab00000,0x00000000f4f00000)
  from space 89088K, 53% used [0x00000000fa600000,0x00000000fd466a08,0x00000000ffd00000)
  to   space 89088K, 0% used [0x00000000f4f00000,0x00000000f4f00000,0x00000000fa600000)
 ParOldGen       total 332288K, used 292093K [0x00000000c0000000, 0x00000000d4480000, 0x00000000eab00000)
  object space 332288K, 87% used [0x00000000c0000000,0x00000000d1d3f7d8,0x00000000d4480000)
 Metaspace       used 105238K, capacity 110556K, committed 110720K, reserved 1144832K
  class space    used 13746K, capacity 14586K, committed 14720K, reserved 1048576K
}
Event: 3274.625 GC heap before
{Heap before GC invocations=64 (full 21):
 PSYoungGen      total 257024K, used 215450K [0x00000000eab00000, 0x0000000100000000, 0x0000000100000000)
  eden space 167936K, 100% used [0x00000000eab00000,0x00000000f4f00000,0x00000000f4f00000)
  from space 89088K, 53% used [0x00000000fa600000,0x00000000fd466a08,0x00000000ffd00000)
  to   space 89088K, 0% used [0x00000000f4f00000,0x00000000f4f00000,0x00000000fa600000)
 ParOldGen       total 332288K, used 292093K [0x00000000c0000000, 0x00000000d4480000, 0x00000000eab00000)
  object space 332288K, 87% used [0x00000000c0000000,0x00000000d1d3f7d8,0x00000000d4480000)
 Metaspace       used 105888K, capacity 111208K, committed 111488K, reserved 1146880K
  class space    used 13820K, capacity 14652K, committed 14720K, reserved 1048576K
Event: 3274.645 GC heap after
Heap after GC invocations=64 (full 21):
 PSYoungGen      total 257024K, used 42580K [0x00000000eab00000, 0x00000000ffb00000, 0x0000000100000000)
  eden space 167936K, 0% used [0x00000000eab00000,0x00000000eab00000,0x00000000f4f00000)
  from space 89088K, 47% used [0x00000000f4f00000,0x00000000f78950b0,0x00000000fa600000)
  to   space 86528K, 0% used [0x00000000fa680000,0x00000000fa680000,0x00000000ffb00000)
 ParOldGen       total 332288K, used 292093K [0x00000000c0000000, 0x00000000d4480000, 0x00000000eab00000)
  object space 332288K, 87% used [0x00000000c0000000,0x00000000d1d3f7d8,0x00000000d4480000)
 Metaspace       used 105888K, capacity 111208K, committed 111488K, reserved 1146880K
  class space    used 13820K, capacity 14652K, committed 14720K, reserved 1048576K
}
Event: 3527.376 GC heap before
{Heap before GC invocations=65 (full 21):
 PSYoungGen      total 257024K, used 112850K [0x00000000eab00000, 0x00000000ffb00000, 0x0000000100000000)
  eden space 167936K, 41% used [0x00000000eab00000,0x00000000eef9f8f0,0x00000000f4f00000)
  from space 89088K, 47% used [0x00000000f4f00000,0x00000000f78950b0,0x00000000fa600000)
  to   space 86528K, 0% used [0x00000000fa680000,0x00000000fa680000,0x00000000ffb00000)
 ParOldGen       total 332288K, used 292093K [0x00000000c0000000, 0x00000000d4480000, 0x00000000eab00000)
  object space 332288K, 87% used [0x00000000c0000000,0x00000000d1d3f7d8,0x00000000d4480000)
 Metaspace       used 106014K, capacity 111336K, committed 111488K, reserved 1146880K
  class space    used 13823K, capacity 14652K, committed 14720K, reserved 1048576K
Event: 3527.403 GC heap after
Heap after GC invocations=65 (full 21):
 PSYoungGen      total 257024K, used 50294K [0x00000000eab00000, 0x00000000ffc00000, 0x0000000100000000)
  eden space 170496K, 0% used [0x00000000eab00000,0x00000000eab00000,0x00000000f5180000)
  from space 86528K, 58% used [0x00000000fa680000,0x00000000fd79d8a8,0x00000000ffb00000)
  to   space 87040K, 0% used [0x00000000f5180000,0x00000000f5180000,0x00000000fa680000)
 ParOldGen       total 332288K, used 292101K [0x00000000c0000000, 0x00000000d4480000, 0x00000000eab00000)
  object space 332288K, 87% used [0x00000000c0000000,0x00000000d1d417d8,0x00000000d4480000)
 Metaspace       used 106014K, capacity 111336K, committed 111488K, reserved 1146880K
  class space    used 13823K, capacity 14652K, committed 14720K, reserved 1048576K
}
Event: 3527.403 GC heap before
{Heap before GC invocations=66 (full 22):
 PSYoungGen      total 257024K, used 50294K [0x00000000eab00000, 0x00000000ffc00000, 0x0000000100000000)
  eden space 170496K, 0% used [0x00000000eab00000,0x00000000eab00000,0x00000000f5180000)
  from space 86528K, 58% used [0x00000000fa680000,0x00000000fd79d8a8,0x00000000ffb00000)
  to   space 87040K, 0% used [0x00000000f5180000,0x00000000f5180000,0x00000000fa680000)
 ParOldGen       total 332288K, used 292101K [0x00000000c0000000, 0x00000000d4480000, 0x00000000eab00000)
  object space 332288K, 87% used [0x00000000c0000000,0x00000000d1d417d8,0x00000000d4480000)
 Metaspace       used 106014K, capacity 111336K, committed 111488K, reserved 1146880K
  class space    used 13823K, capacity 14652K, committed 14720K, reserved 1048576K

Deoptimization events (10 events):
Event: 2748.938 Thread 0x000001ab34055000 Uncommon trap: reason=null_check action=maybe_recompile pc=0x000001ab20852f7c method=com.sun.tools.javac.api.ClientCodeWrapper.isTrusted(Ljava/lang/Object;)Z @ 1
Event: 2749.137 Thread 0x000001ab34055000 Uncommon trap: reason=array_check action=maybe_recompile pc=0x000001ab219189c0 method=java.util.TimSort.reverseRange([Ljava/lang/Object;II)V @ 20
Event: 2749.359 Thread 0x000001ab34055000 Uncommon trap: reason=unstable_if action=reinterpret pc=0x000001ab219ec614 method=com.google.common.collect.HashBiMap.seekByKey(Ljava/lang/Object;I)Lcom/google/common/collect/HashBiMap$BiEntry; @ 21
Event: 2899.110 Thread 0x000001ab338ca800 Uncommon trap: reason=array_check action=maybe_recompile pc=0x000001ab217475a4 method=java.util.ComparableTimSort.mergeHi(IIII)V @ 521
Event: 2899.119 Thread 0x000001ab338ca800 Uncommon trap: reason=array_check action=maybe_recompile pc=0x000001ab21bac1dc method=java.util.ComparableTimSort.mergeHi(IIII)V @ 654
Event: 2899.119 Thread 0x000001ab338ca800 Uncommon trap: reason=array_check action=maybe_recompile pc=0x000001ab21bac1dc method=java.util.ComparableTimSort.mergeHi(IIII)V @ 654
Event: 2899.328 Thread 0x000001ab338ca800 Uncommon trap: reason=array_check action=maybe_recompile pc=0x000001ab219189c0 method=java.util.TimSort.reverseRange([Ljava/lang/Object;II)V @ 20
Event: 2899.562 Thread 0x000001ab338ca800 Uncommon trap: reason=unstable_if action=reinterpret pc=0x000001ab21312f54 method=com.google.common.collect.HashBiMap.seekByKey(Ljava/lang/Object;I)Lcom/google/common/collect/HashBiMap$BiEntry; @ 21
Event: 3274.362 Thread 0x000001ab37b21800 Uncommon trap: reason=array_check action=maybe_recompile pc=0x000001ab219189c0 method=java.util.TimSort.reverseRange([Ljava/lang/Object;II)V @ 20
Event: 3274.596 Thread 0x000001ab37b21800 Uncommon trap: reason=unstable_if action=reinterpret pc=0x000001ab1f401294 method=com.google.common.collect.HashBiMap.seekByKey(Ljava/lang/Object;I)Lcom/google/common/collect/HashBiMap$BiEntry; @ 21

Classes redefined (0 events):
No events

Internal exceptions (10 events):
Event: 3274.222 Thread 0x000001ab37b21800 Exception <a 'java/security/PrivilegedActionException'> (0x00000000eee030b0) thrown at [C:\cygwin64\tmp\openjdk-jdk8u-windows-x64-hotspot\workspace\build\src\hotspot\src\share\vm\prims\jvm.cpp, line 1502]
Event: 3274.222 Thread 0x000001ab37b21800 Exception <a 'java/security/PrivilegedActionException'> (0x00000000eee03c48) thrown at [C:\cygwin64\tmp\openjdk-jdk8u-windows-x64-hotspot\workspace\build\src\hotspot\src\share\vm\prims\jvm.cpp, line 1502]
Event: 3274.222 Thread 0x000001ab37b21800 Exception <a 'java/security/PrivilegedActionException'> (0x00000000eee06e48) thrown at [C:\cygwin64\tmp\openjdk-jdk8u-windows-x64-hotspot\workspace\build\src\hotspot\src\share\vm\prims\jvm.cpp, line 1502]
Event: 3274.222 Thread 0x000001ab37b21800 Exception <a 'java/security/PrivilegedActionException'> (0x00000000eee079e0) thrown at [C:\cygwin64\tmp\openjdk-jdk8u-windows-x64-hotspot\workspace\build\src\hotspot\src\share\vm\prims\jvm.cpp, line 1502]
Event: 3274.222 Thread 0x000001ab37b21800 Exception <a 'java/security/PrivilegedActionException'> (0x00000000eee0acb8) thrown at [C:\cygwin64\tmp\openjdk-jdk8u-windows-x64-hotspot\workspace\build\src\hotspot\src\share\vm\prims\jvm.cpp, line 1502]
Event: 3274.222 Thread 0x000001ab37b21800 Exception <a 'java/security/PrivilegedActionException'> (0x00000000eee0b850) thrown at [C:\cygwin64\tmp\openjdk-jdk8u-windows-x64-hotspot\workspace\build\src\hotspot\src\share\vm\prims\jvm.cpp, line 1502]
Event: 3274.302 Thread 0x000001ab37b21800 Exception <a 'java/lang/reflect/InvocationTargetException'> (0x00000000efe71a50) thrown at [C:\cygwin64\tmp\openjdk-jdk8u-windows-x64-hotspot\workspace\build\src\hotspot\src\share\vm\runtime\reflection.cpp, line 1092]
Event: 3274.341 Thread 0x000001ab37b21800 Exception <a 'java/lang/reflect/InvocationTargetException'> (0x00000000f08677e0) thrown at [C:\cygwin64\tmp\openjdk-jdk8u-windows-x64-hotspot\workspace\build\src\hotspot\src\share\vm\runtime\reflection.cpp, line 1092]
Event: 3527.289 Thread 0x000001ab33433000 Exception <a 'sun/nio/fs/WindowsException'> (0x00000000ee364ec8) thrown at [C:\cygwin64\tmp\openjdk-jdk8u-windows-x64-hotspot\workspace\build\src\hotspot\src\share\vm\prims\jni.cpp, line 710]
Event: 3527.289 Thread 0x000001ab33433000 Exception <a 'sun/nio/fs/WindowsException'> (0x00000000ee3663a0) thrown at [C:\cygwin64\tmp\openjdk-jdk8u-windows-x64-hotspot\workspace\build\src\hotspot\src\share\vm\prims\jni.cpp, line 710]

Events (10 events):
Event: 3527.112 Thread 0x000001ab338c9000 Thread added: 0x000001ab338c9000
Event: 3527.239 Thread 0x000001ab338ca000 Thread added: 0x000001ab338ca000
Event: 3527.239 Executing VM operation: RevokeBias
Event: 3527.239 Executing VM operation: RevokeBias done
Event: 3527.239 Thread 0x000001ab338ca000 Thread exited: 0x000001ab338ca000
Event: 3527.317 loading class java/lang/ref/ReferenceQueue$1
Event: 3527.317 loading class java/lang/ref/ReferenceQueue$1 done
Event: 3527.337 loading class org/gradle/api/internal/artifacts/ivyservice/ivyresolve/ErrorHandlingModuleComponentRepository$1
Event: 3527.337 loading class org/gradle/api/internal/artifacts/ivyservice/ivyresolve/ErrorHandlingModuleComponentRepository$1 done
Event: 3527.376 Executing VM operation: ParallelGCSystemGC


Dynamic libraries:
0x00007ff6b4860000 - 0x00007ff6b489a000 	C:\Program Files\AdoptOpenJDK\jdk-8.0.232.09-hotspot\bin\java.exe
0x00007fffaccf0000 - 0x00007fffacee5000 	C:\WINDOWS\SYSTEM32\ntdll.dll
0x00007fffab0f0000 - 0x00007fffab1ad000 	C:\WINDOWS\System32\KERNEL32.DLL
0x00007fffaa890000 - 0x00007fffaab57000 	C:\WINDOWS\System32\KERNELBASE.dll
0x00007fffa79d0000 - 0x00007fffa7a60000 	C:\WINDOWS\SYSTEM32\apphelp.dll
0x00007fffac7b0000 - 0x00007fffac85a000 	C:\WINDOWS\System32\ADVAPI32.dll
0x00007fffab8f0000 - 0x00007fffab98e000 	C:\WINDOWS\System32\msvcrt.dll
0x00007fffacc10000 - 0x00007fffaccab000 	C:\WINDOWS\System32\sechost.dll
0x00007fffac860000 - 0x00007fffac983000 	C:\WINDOWS\System32\RPCRT4.dll
0x00007fffaaea0000 - 0x00007fffab040000 	C:\WINDOWS\System32\USER32.dll
0x00007fffaa750000 - 0x00007fffaa772000 	C:\WINDOWS\System32\win32u.dll
0x00007fffabe10000 - 0x00007fffabe3a000 	C:\WINDOWS\System32\GDI32.dll
0x00007fffaa780000 - 0x00007fffaa88a000 	C:\WINDOWS\System32\gdi32full.dll
0x00007fffaac40000 - 0x00007fffaacdd000 	C:\WINDOWS\System32\msvcp_win.dll
0x00007fffaa650000 - 0x00007fffaa750000 	C:\WINDOWS\System32\ucrtbase.dll
0x00007fffa07e0000 - 0x00007fffa0a7a000 	C:\WINDOWS\WinSxS\amd64_microsoft.windows.common-controls_6595b64144ccf1df_6.0.19041.1_none_b555e41d4684ddec\COMCTL32.dll
0x00007fffac780000 - 0x00007fffac7b0000 	C:\WINDOWS\System32\IMM32.DLL
0x00007fffa9190000 - 0x00007fffa91c3000 	C:\WINDOWS\SYSTEM32\ntmarta.dll
0x00007fffaa300000 - 0x00007fffaa331000 	C:\WINDOWS\SYSTEM32\SspiCli.dll
0x00007fff51160000 - 0x00007fff5124f000 	C:\Program Files\AdoptOpenJDK\jdk-8.0.232.09-hotspot\jre\bin\msvcr120.dll
0x00007fff53640000 - 0x00007fff536e6000 	C:\Program Files\AdoptOpenJDK\jdk-8.0.232.09-hotspot\jre\bin\msvcp120.dll
0x000000006cd60000 - 0x000000006d55f000 	C:\Program Files\AdoptOpenJDK\jdk-8.0.232.09-hotspot\jre\bin\server\jvm.dll
0x00007fffab990000 - 0x00007fffab998000 	C:\WINDOWS\System32\PSAPI.DLL
0x00007fff8f520000 - 0x00007fff8f529000 	C:\WINDOWS\SYSTEM32\WSOCK32.dll
0x00007fffab230000 - 0x00007fffab29b000 	C:\WINDOWS\System32\WS2_32.dll
0x00007fffa0e00000 - 0x00007fffa0e27000 	C:\WINDOWS\SYSTEM32\WINMM.dll
0x00007fffa1d20000 - 0x00007fffa1d2a000 	C:\WINDOWS\SYSTEM32\VERSION.dll
0x00007fff9ae30000 - 0x00007fff9ae3f000 	C:\Program Files\AdoptOpenJDK\jdk-8.0.232.09-hotspot\jre\bin\verify.dll
0x00007fff8f580000 - 0x00007fff8f5a8000 	C:\Program Files\AdoptOpenJDK\jdk-8.0.232.09-hotspot\jre\bin\java.dll
0x00007fff972e0000 - 0x00007fff972f6000 	C:\Program Files\AdoptOpenJDK\jdk-8.0.232.09-hotspot\jre\bin\zip.dll
0x00007fffabf20000 - 0x00007fffac660000 	C:\WINDOWS\System32\SHELL32.dll
0x00007fffa8390000 - 0x00007fffa8b21000 	C:\WINDOWS\SYSTEM32\windows.storage.dll
0x00007fffab590000 - 0x00007fffab8e3000 	C:\WINDOWS\System32\combase.dll
0x00007fffa9ec0000 - 0x00007fffa9eec000 	C:\WINDOWS\SYSTEM32\Wldp.dll
0x00007fffaadf0000 - 0x00007fffaae9e000 	C:\WINDOWS\System32\SHCORE.dll
0x00007fffabec0000 - 0x00007fffabf15000 	C:\WINDOWS\System32\shlwapi.dll
0x00007fffaa380000 - 0x00007fffaa39f000 	C:\WINDOWS\SYSTEM32\profapi.dll
0x00007fff94cf0000 - 0x00007fff94d0a000 	C:\Program Files\AdoptOpenJDK\jdk-8.0.232.09-hotspot\jre\bin\net.dll
0x00007fffa9c40000 - 0x00007fffa9caa000 	C:\WINDOWS\system32\mswsock.dll
0x00007fff92e10000 - 0x00007fff92e22000 	C:\Program Files\AdoptOpenJDK\jdk-8.0.232.09-hotspot\jre\bin\nio.dll
0x00007fff8fab0000 - 0x00007fff8fad7000 	C:\Users\carol\.gradle\native\f6784746aeab05261644944871eae4fe03e0ef1612fff0a4a95f87b438bc6780\windows-amd64\native-platform.dll
0x00007fff92970000 - 0x00007fff9297d000 	C:\Program Files\AdoptOpenJDK\jdk-8.0.232.09-hotspot\jre\bin\management.dll
0x00007fffa9e10000 - 0x00007fffa9e28000 	C:\WINDOWS\SYSTEM32\CRYPTSP.dll
0x00007fffa9560000 - 0x00007fffa9594000 	C:\WINDOWS\system32\rsaenh.dll
0x00007fffaabb0000 - 0x00007fffaabd7000 	C:\WINDOWS\System32\bcrypt.dll
0x00007fffaa340000 - 0x00007fffaa36e000 	C:\WINDOWS\SYSTEM32\USERENV.dll
0x00007fffaace0000 - 0x00007fffaad5f000 	C:\WINDOWS\System32\bcryptprimitives.dll
0x00007fffa9e30000 - 0x00007fffa9e3c000 	C:\WINDOWS\SYSTEM32\CRYPTBASE.dll
0x00007fffa98e0000 - 0x00007fffa991b000 	C:\WINDOWS\SYSTEM32\IPHLPAPI.DLL
0x00007fffabeb0000 - 0x00007fffabeb9000 	C:\WINDOWS\System32\NSI.dll
0x00007fffa3f20000 - 0x00007fffa3f37000 	C:\WINDOWS\SYSTEM32\dhcpcsvc6.DLL
0x00007fffa3f00000 - 0x00007fffa3f1d000 	C:\WINDOWS\SYSTEM32\dhcpcsvc.DLL
0x00007fffa9930000 - 0x00007fffa99fa000 	C:\WINDOWS\SYSTEM32\DNSAPI.dll
0x00007fffa3fa0000 - 0x00007fffa3fab000 	C:\WINDOWS\SYSTEM32\WINNSI.DLL
0x00007fff89c70000 - 0x00007fff89c93000 	C:\Program Files\AdoptOpenJDK\jdk-8.0.232.09-hotspot\jre\bin\sunec.dll
0x00007fff99470000 - 0x00007fff9947b000 	C:\Program Files\AdoptOpenJDK\jdk-8.0.232.09-hotspot\jre\bin\sunmscapi.dll
0x00007fffaa4f0000 - 0x00007fffaa64d000 	C:\WINDOWS\System32\CRYPT32.dll
0x00007fffa1d30000 - 0x00007fffa1d3a000 	C:\Windows\System32\rasadhlp.dll
0x00007fffa0e30000 - 0x00007fffa0eaf000 	C:\WINDOWS\System32\fwpuclnt.dll
0x00007fffa4ce0000 - 0x00007fffa4cea000 	C:\Users\carol\.gradle\native\jansi\null\windows64\jansi.dll
0x00007fff997e0000 - 0x00007fff997f7000 	C:\WINDOWS\system32\napinsp.dll
0x00007fff997c0000 - 0x00007fff997db000 	C:\WINDOWS\system32\pnrpnsp.dll
0x00007fffa5220000 - 0x00007fffa5235000 	C:\WINDOWS\system32\wshbth.dll
0x00007fffa5b80000 - 0x00007fffa5b9d000 	C:\WINDOWS\system32\NLAapi.dll
0x00007fff99680000 - 0x00007fff99692000 	C:\WINDOWS\System32\winrnr.dll
0x00007fffa1a50000 - 0x00007fffa1c34000 	C:\WINDOWS\SYSTEM32\dbghelp.dll

VM Arguments:
jvm_args: -Xmx1G -Dfile.encoding=windows-1252 -Duser.country=US -Duser.language=en -Duser.variant 
java_command: org.gradle.launcher.daemon.bootstrap.GradleDaemon 6.5
java_class_path (initial): C:\Users\carol\.gradle\wrapper\dists\gradle-6.5-bin\6nifqtx7604sqp1q6g8wikw7p\gradle-6.5\lib\gradle-launcher-6.5.jar
Launcher Type: SUN_STANDARD

Environment Variables:
JAVA_HOME=C:\Program Files\AdoptOpenJDK\jdk-13.0.1.9-hotspot\
PATH=C:\devkitPro\msys2\usr\bin;C:\Program Files\AdoptOpenJDK\jdk-13.0.1.9-hotspot\bin;C:\Program Files\AdoptOpenJDK\jdk-11.0.6.10-hotspot\bin;C:\Program Files\AdoptOpenJDK\jdk-8.0.232.09-hotspot\bin;C:\Program Files\AdoptOpenJDK\jdk-13.0.1.9-openj9\bin;C:\Program Files (x86)\Microsoft Xbox SDK\Xbox\Bin;C:\Program Files\AdoptOpenJDK\jdk-8.0.222.10-openj9\bin;C:\WATCOM\BINNT;C:\WATCOM\BINW;C:\Users\jacke\devkitPro\msys2\usr\bin;C:\Python37\Scripts\;C:\Python37\;C:\ProgramData\Boxstarter;C:\Program Files (x86)\NVIDIA Corporation\PhysX\Common;C:\Program Files (x86)\Common Files\Oracle\Java\javapath;C:\WINDOWS\system32;C:\WINDOWS;C:\WINDOWS\System32\Wbem;C:\WINDOWS\System32\WindowsPowerShell\v1.0\;C:\Program Files\CMake\bin;C:\Program Files\dotnet\;C:\WINDOWS\System32\OpenSSH\;C:\Program Files\Common Files\Autodesk Shared\;C:\Program Files\Microsoft SQL Server\120\Tools\Binn\;C:\Program Files (x86)\GTK2-Runtime\bin;C:\Program Files\Microsoft SQL Server\130\Tools\Binn\;C:\Program Files\nodejs\;C:\ProgramData\chocolatey\bin;c:\Program Files (x86)\Microsoft SQL Server\90\Tools\binn\;C:\Program Files\Microsoft SQL Server\110\Tools\Binn\;C:\Program Files (x86)\Microsoft SDKs\TypeScript\1.0\;C:\Program Files (x86)\Xoreax\IncrediBuild;C:\Program Files\Java\jdk1.8.0_202\bin;C:\Coding\Perl\Strawberry\c\bin;C:\Coding\Perl\Strawberry\perl\site\bin;C:\Coding\Perl\Strawberry\perl\bin;C:\WINDOWS\system32;C:\WINDOWS;C:\WINDOWS\System32\Wbem;C:\WINDOWS\System32\WindowsPowerShell\v1.0\;C:\WINDOWS\System32\OpenSSH\;C:\Program Files\Microsoft VS Code\bin;C:\Coding\Hugo\bin;C:\Program Files\Git\cmd;C:\Users\carol\AppData\Local\Microsoft\WindowsApps;C:\Users\carol\AppData\Local\atom\bin;C:\Program Files\JetBrains\IntelliJ IDEA Community Edition 2020\bin;;C:\Users\carol\AppData\Local\Microsoft\WindowsApps;
USERNAME=carol
OS=Windows_NT
PROCESSOR_IDENTIFIER=Intel64 Family 6 Model 158 Stepping 9, GenuineIntel



---------------  S Y S T E M  ---------------

OS: Windows 10.0 , 64 bit Build 19041 (10.0.19041.292)

CPU:total 8 (initial active 8) (4 cores per cpu, 2 threads per core) family 6 model 158 stepping 9, cmov, cx8, fxsr, mmx, sse, sse2, sse3, ssse3, sse4.1, sse4.2, popcnt, avx, avx2, aes, clmul, erms, rtm, 3dnowpref, lzcnt, ht, tsc, tscinvbit, bmi1, bmi2, adx

Memory: 4k page, physical 16711252k(8307152k free), swap 19201620k(5000920k free)

vm_info: OpenJDK 64-Bit Server VM (25.232-b09) for windows-amd64 JRE (1.8.0_232-b09), built on Oct 18 2019 15:06:13 by "jenkins" with MS VC++ 12.0 (VS2013)

time: Sun Aug 30 18:25:39 2020
timezone: Pacific Daylight Time
elapsed time: 3527 seconds (0d 0h 58m 47s)

